Using pre-set license
Built from '2021.3/staging' branch; Version is '2021.3.21f1 (1b156197d683) revision 1774945'; Using compiler version '192829333'; Build Type 'Release'
OS: 'Windows 11  (10.0.22621) 64bit Professional' Language: 'en' Physical Memory: 16243 MB
BatchMode: 1, IsHumanControllingUs: 0, StartBugReporterOnCrash: 0, Is64bit: 1, IsPro: 1

COMMAND LINE ARGUMENTS:
C:\Program Files\Unity\Hub\Editor\2021.3.21f1\Editor\Unity.exe
-adb2
-batchMode
-noUpm
-name
AssetImportWorker2
-projectPath
C:/Users/aldis/Unity Projects/GMD_Project/CourseAssignment
-logFile
Logs/AssetImportWorker2.log
-srvPort
62841
Successfully changed project path to: C:/Users/aldis/Unity Projects/GMD_Project/CourseAssignment
C:/Users/aldis/Unity Projects/GMD_Project/CourseAssignment
[UnityMemory] Configuration Parameters - Can be set up in boot.config
    "memorysetup-bucket-allocator-granularity=16"
    "memorysetup-bucket-allocator-bucket-count=8"
    "memorysetup-bucket-allocator-block-size=33554432"
    "memorysetup-bucket-allocator-block-count=8"
    "memorysetup-main-allocator-block-size=16777216"
    "memorysetup-thread-allocator-block-size=16777216"
    "memorysetup-gfx-main-allocator-block-size=16777216"
    "memorysetup-gfx-thread-allocator-block-size=16777216"
    "memorysetup-cache-allocator-block-size=4194304"
    "memorysetup-typetree-allocator-block-size=2097152"
    "memorysetup-profiler-bucket-allocator-granularity=16"
    "memorysetup-profiler-bucket-allocator-bucket-count=8"
    "memorysetup-profiler-bucket-allocator-block-size=33554432"
    "memorysetup-profiler-bucket-allocator-block-count=8"
    "memorysetup-profiler-allocator-block-size=16777216"
    "memorysetup-profiler-editor-allocator-block-size=1048576"
    "memorysetup-temp-allocator-size-main=16777216"
    "memorysetup-job-temp-allocator-block-size=2097152"
    "memorysetup-job-temp-allocator-block-size-background=1048576"
    "memorysetup-job-temp-allocator-reduction-small-platforms=262144"
    "memorysetup-temp-allocator-size-background-worker=32768"
    "memorysetup-temp-allocator-size-job-worker=262144"
    "memorysetup-temp-allocator-size-preload-manager=33554432"
    "memorysetup-temp-allocator-size-nav-mesh-worker=65536"
    "memorysetup-temp-allocator-size-audio-worker=65536"
    "memorysetup-temp-allocator-size-cloud-worker=32768"
    "memorysetup-temp-allocator-size-gi-baking-worker=262144"
    "memorysetup-temp-allocator-size-gfx=262144"
Player connection [14328] Host "[IP] 192.168.87.139 [Port] 0 [Flags] 2 [Guid] 2067196543 [EditorId] 2067196543 [Version] 1048832 [Id] WindowsEditor(7,DESKTOP-99T87O2) [Debug] 1 [PackageName] WindowsEditor [ProjectName] Editor" joined multi-casting on [225.0.0.222:54997]...

Player connection [14328] Host "[IP] 192.168.87.139 [Port] 0 [Flags] 2 [Guid] 2067196543 [EditorId] 2067196543 [Version] 1048832 [Id] WindowsEditor(7,DESKTOP-99T87O2) [Debug] 1 [PackageName] WindowsEditor [ProjectName] Editor" joined alternative multi-casting on [225.0.0.222:34997]...

Refreshing native plugins compatible for Editor in 47.90 ms, found 3 plugins.
Preloading 0 native plugins for Editor in 0.00 ms.
Initialize engine version: 2021.3.21f1 (1b156197d683)
[Subsystems] Discovering subsystems at path C:/Program Files/Unity/Hub/Editor/2021.3.21f1/Editor/Data/Resources/UnitySubsystems
[Subsystems] Discovering subsystems at path C:/Users/aldis/Unity Projects/GMD_Project/CourseAssignment/Assets
GfxDevice: creating device client; threaded=0; jobified=0
Direct3D:
    Version:  Direct3D 11.0 [level 11.1]
    Renderer: NVIDIA GeForce RTX 3050 (ID=0x2507)
    Vendor:   NVIDIA
    VRAM:     8056 MB
    Driver:   31.0.15.2686
Initialize mono
Mono path[0] = 'C:/Program Files/Unity/Hub/Editor/2021.3.21f1/Editor/Data/Managed'
Mono path[1] = 'C:/Program Files/Unity/Hub/Editor/2021.3.21f1/Editor/Data/MonoBleedingEdge/lib/mono/unityjit-win32'
Mono config path = 'C:/Program Files/Unity/Hub/Editor/2021.3.21f1/Editor/Data/MonoBleedingEdge/etc'
Using monoOptions --debugger-agent=transport=dt_socket,embedding=1,server=y,suspend=n,address=127.0.0.1:56628
Begin MonoManager ReloadAssembly
Registering precompiled unity dll's ...
Register platform support module: C:/Program Files/Unity/Hub/Editor/2021.3.21f1/Editor/Data/PlaybackEngines/WebGLSupport/UnityEditor.WebGL.Extensions.dll
Register platform support module: C:/Program Files/Unity/Hub/Editor/2021.3.21f1/Editor/Data/PlaybackEngines/WindowsStandaloneSupport/UnityEditor.WindowsStandalone.Extensions.dll
Registered in 0.003104 seconds.
Native extension for WindowsStandalone target not found
Native extension for WebGL target not found
Refreshing native plugins compatible for Editor in 45.68 ms, found 3 plugins.
Preloading 0 native plugins for Editor in 0.00 ms.
Mono: successfully reloaded assembly
- Completed reload, in  0.426 seconds
Domain Reload Profiling:
	ReloadAssembly (426ms)
		BeginReloadAssembly (55ms)
			ExecutionOrderSort (0ms)
			DisableScriptedObjects (0ms)
			BackupInstance (0ms)
			ReleaseScriptingObjects (0ms)
			CreateAndSetChildDomain (1ms)
		EndReloadAssembly (308ms)
			LoadAssemblies (54ms)
			RebuildTransferFunctionScriptingTraits (0ms)
			SetupTypeCache (72ms)
			ReleaseScriptCaches (0ms)
			RebuildScriptCaches (20ms)
			SetupLoadedEditorAssemblies (179ms)
				LogAssemblyErrors (0ms)
				InitializePlatformSupportModulesInManaged (6ms)
				SetLoadedEditorAssemblies (0ms)
				RefreshPlugins (46ms)
				BeforeProcessingInitializeOnLoad (1ms)
				ProcessInitializeOnLoadAttributes (96ms)
				ProcessInitializeOnLoadMethodAttributes (30ms)
				AfterProcessingInitializeOnLoad (0ms)
				EditorAssembliesLoaded (0ms)
			ExecutionOrderSort2 (0ms)
			AwakeInstancesAfterBackupRestoration (0ms)
Platform modules already initialized, skipping
Registering precompiled user dll's ...
Registered in 0.002408 seconds.
Begin MonoManager ReloadAssembly
Symbol file LoadedFromMemory doesn't match image C:\Users\aldis\Unity Projects\GMD_Project\CourseAssignment\Library\PackageCache\com.unity.visualscripting@1.8.0\Editor\VisualScripting.Core\Dependencies\YamlDotNet\Unity.VisualScripting.YamlDotNet.dll
Symbol file LoadedFromMemory doesn't match image C:\Users\aldis\Unity Projects\GMD_Project\CourseAssignment\Library\PackageCache\com.unity.visualscripting@1.8.0\Editor\VisualScripting.Core\Dependencies\DotNetZip\Unity.VisualScripting.IonicZip.dll
Native extension for WindowsStandalone target not found
Native extension for WebGL target not found
Refreshing native plugins compatible for Editor in 0.40 ms, found 3 plugins.
Preloading 0 native plugins for Editor in 0.00 ms.
Mono: successfully reloaded assembly
- Completed reload, in  0.605 seconds
Domain Reload Profiling:
	ReloadAssembly (606ms)
		BeginReloadAssembly (78ms)
			ExecutionOrderSort (0ms)
			DisableScriptedObjects (4ms)
			BackupInstance (0ms)
			ReleaseScriptingObjects (0ms)
			CreateAndSetChildDomain (14ms)
		EndReloadAssembly (462ms)
			LoadAssemblies (54ms)
			RebuildTransferFunctionScriptingTraits (0ms)
			SetupTypeCache (134ms)
			ReleaseScriptCaches (0ms)
			RebuildScriptCaches (34ms)
			SetupLoadedEditorAssemblies (221ms)
				LogAssemblyErrors (0ms)
				InitializePlatformSupportModulesInManaged (4ms)
				SetLoadedEditorAssemblies (0ms)
				RefreshPlugins (0ms)
				BeforeProcessingInitializeOnLoad (47ms)
				ProcessInitializeOnLoadAttributes (152ms)
				ProcessInitializeOnLoadMethodAttributes (13ms)
				AfterProcessingInitializeOnLoad (3ms)
				EditorAssembliesLoaded (0ms)
			ExecutionOrderSort2 (0ms)
			AwakeInstancesAfterBackupRestoration (4ms)
Platform modules already initialized, skipping
========================================================================
Worker process is ready to serve import requests
Launched and connected shader compiler UnityShaderCompiler.exe after 0.03 seconds
Refreshing native plugins compatible for Editor in 0.38 ms, found 3 plugins.
Preloading 0 native plugins for Editor in 0.00 ms.
Unloading 3325 Unused Serialized files (Serialized files now loaded: 0)
Unloading 22 unused Assets / (104.3 KB). Loaded Objects now: 3789.
Memory consumption went from 119.7 MB to 119.6 MB.
Total: 2.203800 ms (FindLiveObjects: 0.172200 ms CreateObjectMapping: 0.071500 ms MarkObjects: 1.869900 ms  DeleteObjects: 0.089400 ms)

AssetImportParameters requested are different than current active one (requested -> active):
  custom:video-decoder-ogg-theora: a1e56fd34408186e4bbccfd4996cb3dc -> 
  custom:container-muxer-webm: aa71ff27fc2769a1b78a27578f13a17b -> 
  custom:container-demuxer-webm: 4f35f7cbe854078d1ac9338744f61a02 -> 
  custom:video-encoder-webm-vp8: eb34c28f22e8b96e1ab97ce403110664 -> 
  custom:audio-encoder-webm-vorbis: bf7c407c2cedff20999df2af8eb42d56 -> 
  custom:framework-win-MediaFoundation: 216162199b28c13a410421893ffa2e32 -> 
  custom:container-demuxer-ogg: 62fdf1f143b41e24485cea50d1cbac27 -> 
  custom:video-decoder-webm-vp8: 9c59270c3fd7afecdb556c50c9e8de78 -> 
  custom:audio-decoder-ogg-vorbis: bf7c407c2cedff20999df2af8eb42d56 -> 
========================================================================
Received Import Request.
  Time since last request: 977.098745 seconds.
  path: Assets/Prefabs/Enemies
  artifactKey: Guid(96435d0b230008e42b7d5bd63d7de874) Importer(815301076,1909f56bfc062723c751e8b465ee728b)
Start importing Assets/Prefabs/Enemies using Guid(96435d0b230008e42b7d5bd63d7de874) Importer(815301076,1909f56bfc062723c751e8b465ee728b)  -> (artifact id: '5181971ecc3efe89fd2171c5fde04ec9') in 0.007322 seconds 
========================================================================
Received Import Request.
  Time since last request: 0.053617 seconds.
  path: Assets/Prefabs/Enemies/Enemy 1.prefab
  artifactKey: Guid(905a658e8c89fb84c9603912c069de80) Importer(815301076,1909f56bfc062723c751e8b465ee728b)
Start importing Assets/Prefabs/Enemies/Enemy 1.prefab using Guid(905a658e8c89fb84c9603912c069de80) Importer(815301076,1909f56bfc062723c751e8b465ee728b)  -> (artifact id: '16d7d773127aeda575ff503549a74ebf') in 0.083086 seconds 
========================================================================
Received Import Request.
  Time since last request: 9.652644 seconds.
  path: Assets/Prefabs/Towers
  artifactKey: Guid(78e4fc0abe05dcb45913b59d8f0ce01d) Importer(815301076,1909f56bfc062723c751e8b465ee728b)
Start importing Assets/Prefabs/Towers using Guid(78e4fc0abe05dcb45913b59d8f0ce01d) Importer(815301076,1909f56bfc062723c751e8b465ee728b)  -> (artifact id: '6a07228416c2916b78fa78bfb33f7890') in 0.002999 seconds 
========================================================================
Received Import Request.
  Time since last request: 186.334824 seconds.
  path: Assets/Prefabs/Towers/Tower.prefab
  artifactKey: Guid(b31ff2d2174b0484180677666d2bd8d6) Importer(815301076,1909f56bfc062723c751e8b465ee728b)
Start importing Assets/Prefabs/Towers/Tower.prefab using Guid(b31ff2d2174b0484180677666d2bd8d6) Importer(815301076,1909f56bfc062723c751e8b465ee728b)  -> (artifact id: 'eeae61c35e79a344eaac8dcee8ab88b8') in 0.006793 seconds 
========================================================================
Received Import Request.
  Time since last request: 10.022756 seconds.
  path: Assets/Prefabs/Towers/Tower1.prefab
  artifactKey: Guid(b31ff2d2174b0484180677666d2bd8d6) Importer(815301076,1909f56bfc062723c751e8b465ee728b)
Start importing Assets/Prefabs/Towers/Tower1.prefab using Guid(b31ff2d2174b0484180677666d2bd8d6) Importer(815301076,1909f56bfc062723c751e8b465ee728b)  -> (artifact id: '134e97a4d08421a5639800a297a2463c') in 0.003777 seconds 
========================================================================
Received Import Request.
  Time since last request: 32.260770 seconds.
  path: Assets/Prefabs/Towers/Tower1.prefab
  artifactKey: Guid(b31ff2d2174b0484180677666d2bd8d6) Importer(815301076,1909f56bfc062723c751e8b465ee728b)
Start importing Assets/Prefabs/Towers/Tower1.prefab using Guid(b31ff2d2174b0484180677666d2bd8d6) Importer(815301076,1909f56bfc062723c751e8b465ee728b)  -> (artifact id: '2f7675f52667327614cf4a906f058bdc') in 0.006839 seconds 
========================================================================
Received Import Request.
  Time since last request: 2.596793 seconds.
  path: Assets/Prefabs/Towers/Tower1.prefab
  artifactKey: Guid(b31ff2d2174b0484180677666d2bd8d6) Importer(815301076,1909f56bfc062723c751e8b465ee728b)
Start importing Assets/Prefabs/Towers/Tower1.prefab using Guid(b31ff2d2174b0484180677666d2bd8d6) Importer(815301076,1909f56bfc062723c751e8b465ee728b)  -> (artifact id: '6733081434d2de38c7b2cc7090c3e560') in 0.003594 seconds 
========================================================================
Received Import Request.
  Time since last request: 594.504245 seconds.
  path: Assets/Prefabs/Towers/TowerNo1.prefab
  artifactKey: Guid(cb40d5ec27425404bb75e3c0c23721d5) Importer(815301076,1909f56bfc062723c751e8b465ee728b)
Start importing Assets/Prefabs/Towers/TowerNo1.prefab using Guid(cb40d5ec27425404bb75e3c0c23721d5) Importer(815301076,1909f56bfc062723c751e8b465ee728b)  -> (artifact id: '8752ee584ff2b1ec87d1d4600be8dfef') in 0.009408 seconds 
========================================================================
Received Import Request.
  Time since last request: 16.802888 seconds.
  path: Assets/Scripts
  artifactKey: Guid(2fb9a74eeeb9fdb44a309410adfa65ac) Importer(815301076,1909f56bfc062723c751e8b465ee728b)
Start importing Assets/Scripts using Guid(2fb9a74eeeb9fdb44a309410adfa65ac) Importer(815301076,1909f56bfc062723c751e8b465ee728b)  -> (artifact id: '08c511cb2db155fe26e2faeb02e832f5') in 0.013650 seconds 
========================================================================
Received Import Request.
  Time since last request: 24.946516 seconds.
  path: Assets/Scripts/Towers
  artifactKey: Guid(86e3448e465b59146b0882ab5773fe2e) Importer(815301076,1909f56bfc062723c751e8b465ee728b)
Start importing Assets/Scripts/Towers using Guid(86e3448e465b59146b0882ab5773fe2e) Importer(815301076,1909f56bfc062723c751e8b465ee728b)  -> (artifact id: 'd5f204f81a82f4e03bfd4a6a5ef245a3') in 0.002375 seconds 
========================================================================
Received Import Request.
  Time since last request: 27.863145 seconds.
  path: Assets/Scripts/Towers/TowerTargeting.cs
  artifactKey: Guid(04c877f5c4e505d4aa9fc4cbf41cf1e6) Importer(815301076,1909f56bfc062723c751e8b465ee728b)
Start importing Assets/Scripts/Towers/TowerTargeting.cs using Guid(04c877f5c4e505d4aa9fc4cbf41cf1e6) Importer(815301076,1909f56bfc062723c751e8b465ee728b)  -> (artifact id: 'd9548b9bc338747205186ad3b83b07f1') in 0.011073 seconds 
========================================================================
Received Prepare
Registering precompiled user dll's ...
Registered in 0.002208 seconds.
Begin MonoManager ReloadAssembly
Symbol file LoadedFromMemory doesn't match image C:\Users\aldis\Unity Projects\GMD_Project\CourseAssignment\Library\PackageCache\com.unity.visualscripting@1.8.0\Editor\VisualScripting.Core\Dependencies\YamlDotNet\Unity.VisualScripting.YamlDotNet.dll
Symbol file LoadedFromMemory doesn't match image C:\Users\aldis\Unity Projects\GMD_Project\CourseAssignment\Library\PackageCache\com.unity.visualscripting@1.8.0\Editor\VisualScripting.Core\Dependencies\DotNetZip\Unity.VisualScripting.IonicZip.dll
Native extension for WindowsStandalone target not found
Native extension for WebGL target not found
Refreshing native plugins compatible for Editor in 0.54 ms, found 3 plugins.
Preloading 0 native plugins for Editor in 0.00 ms.
Mono: successfully reloaded assembly
- Completed reload, in  0.672 seconds
Domain Reload Profiling:
	ReloadAssembly (672ms)
		BeginReloadAssembly (107ms)
			ExecutionOrderSort (0ms)
			DisableScriptedObjects (3ms)
			BackupInstance (0ms)
			ReleaseScriptingObjects (0ms)
			CreateAndSetChildDomain (26ms)
		EndReloadAssembly (500ms)
			LoadAssemblies (62ms)
			RebuildTransferFunctionScriptingTraits (0ms)
			SetupTypeCache (150ms)
			ReleaseScriptCaches (1ms)
			RebuildScriptCaches (31ms)
			SetupLoadedEditorAssemblies (231ms)
				LogAssemblyErrors (0ms)
				InitializePlatformSupportModulesInManaged (5ms)
				SetLoadedEditorAssemblies (1ms)
				RefreshPlugins (1ms)
				BeforeProcessingInitializeOnLoad (47ms)
				ProcessInitializeOnLoadAttributes (161ms)
				ProcessInitializeOnLoadMethodAttributes (14ms)
				AfterProcessingInitializeOnLoad (4ms)
				EditorAssembliesLoaded (0ms)
			ExecutionOrderSort2 (0ms)
			AwakeInstancesAfterBackupRestoration (5ms)
Platform modules already initialized, skipping
Refreshing native plugins compatible for Editor in 1.03 ms, found 3 plugins.
Preloading 0 native plugins for Editor in 0.00 ms.
Unloading 3301 Unused Serialized files (Serialized files now loaded: 0)
Unloading 15 unused Assets / (87.3 KB). Loaded Objects now: 3803.
Memory consumption went from 121.9 MB to 121.8 MB.
Total: 2.165800 ms (FindLiveObjects: 0.175300 ms CreateObjectMapping: 0.087400 ms MarkObjects: 1.822400 ms  DeleteObjects: 0.079800 ms)

AssetImportParameters requested are different than current active one (requested -> active):
  custom:video-decoder-ogg-theora: a1e56fd34408186e4bbccfd4996cb3dc -> 
  custom:container-muxer-webm: aa71ff27fc2769a1b78a27578f13a17b -> 
  custom:container-demuxer-webm: 4f35f7cbe854078d1ac9338744f61a02 -> 
  custom:video-encoder-webm-vp8: eb34c28f22e8b96e1ab97ce403110664 -> 
  custom:audio-encoder-webm-vorbis: bf7c407c2cedff20999df2af8eb42d56 -> 
  custom:framework-win-MediaFoundation: 216162199b28c13a410421893ffa2e32 -> 
  custom:container-demuxer-ogg: 62fdf1f143b41e24485cea50d1cbac27 -> 
  custom:video-decoder-webm-vp8: 9c59270c3fd7afecdb556c50c9e8de78 -> 
  custom:audio-decoder-ogg-vorbis: bf7c407c2cedff20999df2af8eb42d56 -> 
========================================================================
Received Prepare
Registering precompiled user dll's ...
Registered in 0.003088 seconds.
Begin MonoManager ReloadAssembly
Symbol file LoadedFromMemory doesn't match image C:\Users\aldis\Unity Projects\GMD_Project\CourseAssignment\Library\PackageCache\com.unity.visualscripting@1.8.0\Editor\VisualScripting.Core\Dependencies\YamlDotNet\Unity.VisualScripting.YamlDotNet.dll
Symbol file LoadedFromMemory doesn't match image C:\Users\aldis\Unity Projects\GMD_Project\CourseAssignment\Library\PackageCache\com.unity.visualscripting@1.8.0\Editor\VisualScripting.Core\Dependencies\DotNetZip\Unity.VisualScripting.IonicZip.dll
Native extension for WindowsStandalone target not found
Native extension for WebGL target not found
Refreshing native plugins compatible for Editor in 0.52 ms, found 3 plugins.
Preloading 0 native plugins for Editor in 0.00 ms.
Mono: successfully reloaded assembly
- Completed reload, in  0.694 seconds
Domain Reload Profiling:
	ReloadAssembly (695ms)
		BeginReloadAssembly (110ms)
			ExecutionOrderSort (0ms)
			DisableScriptedObjects (3ms)
			BackupInstance (0ms)
			ReleaseScriptingObjects (0ms)
			CreateAndSetChildDomain (25ms)
		EndReloadAssembly (516ms)
			LoadAssemblies (62ms)
			RebuildTransferFunctionScriptingTraits (0ms)
			SetupTypeCache (157ms)
			ReleaseScriptCaches (1ms)
			RebuildScriptCaches (33ms)
			SetupLoadedEditorAssemblies (240ms)
				LogAssemblyErrors (0ms)
				InitializePlatformSupportModulesInManaged (5ms)
				SetLoadedEditorAssemblies (0ms)
				RefreshPlugins (1ms)
				BeforeProcessingInitializeOnLoad (43ms)
				ProcessInitializeOnLoadAttributes (170ms)
				ProcessInitializeOnLoadMethodAttributes (16ms)
				AfterProcessingInitializeOnLoad (5ms)
				EditorAssembliesLoaded (0ms)
			ExecutionOrderSort2 (0ms)
			AwakeInstancesAfterBackupRestoration (5ms)
Platform modules already initialized, skipping
Refreshing native plugins compatible for Editor in 1.03 ms, found 3 plugins.
Preloading 0 native plugins for Editor in 0.00 ms.
Unloading 3301 Unused Serialized files (Serialized files now loaded: 0)
Unloading 15 unused Assets / (71.8 KB). Loaded Objects now: 3806.
Memory consumption went from 121.9 MB to 121.8 MB.
Total: 1.973000 ms (FindLiveObjects: 0.170100 ms CreateObjectMapping: 0.086400 ms MarkObjects: 1.647900 ms  DeleteObjects: 0.067700 ms)

AssetImportParameters requested are different than current active one (requested -> active):
  custom:video-decoder-ogg-theora: a1e56fd34408186e4bbccfd4996cb3dc -> 
  custom:container-muxer-webm: aa71ff27fc2769a1b78a27578f13a17b -> 
  custom:container-demuxer-webm: 4f35f7cbe854078d1ac9338744f61a02 -> 
  custom:video-encoder-webm-vp8: eb34c28f22e8b96e1ab97ce403110664 -> 
  custom:audio-encoder-webm-vorbis: bf7c407c2cedff20999df2af8eb42d56 -> 
  custom:framework-win-MediaFoundation: 216162199b28c13a410421893ffa2e32 -> 
  custom:container-demuxer-ogg: 62fdf1f143b41e24485cea50d1cbac27 -> 
  custom:video-decoder-webm-vp8: 9c59270c3fd7afecdb556c50c9e8de78 -> 
  custom:audio-decoder-ogg-vorbis: bf7c407c2cedff20999df2af8eb42d56 -> 
========================================================================
Received Import Request.
  Time since last request: 68.993241 seconds.
  path: Assets/Prefabs/Projectile.prefab
  artifactKey: Guid(67c2b7e78eea8cc4bbd171478b67325f) Importer(815301076,1909f56bfc062723c751e8b465ee728b)
Start importing Assets/Prefabs/Projectile.prefab using Guid(67c2b7e78eea8cc4bbd171478b67325f) Importer(815301076,1909f56bfc062723c751e8b465ee728b)  -> (artifact id: '82fec483e111ef8ae32b347b4a701854') in 0.060565 seconds 
========================================================================
Received Import Request.
  Time since last request: 34.758690 seconds.
  path: Assets/Scripts/ProjectileLauncher.cs
  artifactKey: Guid(09eaa9dfa8b0bc448b0dc00f32edba4e) Importer(815301076,1909f56bfc062723c751e8b465ee728b)
Start importing Assets/Scripts/ProjectileLauncher.cs using Guid(09eaa9dfa8b0bc448b0dc00f32edba4e) Importer(815301076,1909f56bfc062723c751e8b465ee728b)  -> (artifact id: '15a70c8173314e9f08d701f3006d84f2') in 0.002474 seconds 
========================================================================
Received Prepare
Registering precompiled user dll's ...
Registered in 0.002343 seconds.
Begin MonoManager ReloadAssembly
Symbol file LoadedFromMemory doesn't match image C:\Users\aldis\Unity Projects\GMD_Project\CourseAssignment\Library\PackageCache\com.unity.visualscripting@1.8.0\Editor\VisualScripting.Core\Dependencies\YamlDotNet\Unity.VisualScripting.YamlDotNet.dll
Symbol file LoadedFromMemory doesn't match image C:\Users\aldis\Unity Projects\GMD_Project\CourseAssignment\Library\PackageCache\com.unity.visualscripting@1.8.0\Editor\VisualScripting.Core\Dependencies\DotNetZip\Unity.VisualScripting.IonicZip.dll
Native extension for WindowsStandalone target not found
Native extension for WebGL target not found
Refreshing native plugins compatible for Editor in 0.40 ms, found 3 plugins.
Preloading 0 native plugins for Editor in 0.00 ms.
Mono: successfully reloaded assembly
- Completed reload, in  0.687 seconds
Domain Reload Profiling:
	ReloadAssembly (687ms)
		BeginReloadAssembly (109ms)
			ExecutionOrderSort (0ms)
			DisableScriptedObjects (3ms)
			BackupInstance (0ms)
			ReleaseScriptingObjects (0ms)
			CreateAndSetChildDomain (23ms)
		EndReloadAssembly (508ms)
			LoadAssemblies (69ms)
			RebuildTransferFunctionScriptingTraits (0ms)
			SetupTypeCache (149ms)
			ReleaseScriptCaches (1ms)
			RebuildScriptCaches (35ms)
			SetupLoadedEditorAssemblies (229ms)
				LogAssemblyErrors (0ms)
				InitializePlatformSupportModulesInManaged (5ms)
				SetLoadedEditorAssemblies (0ms)
				RefreshPlugins (0ms)
				BeforeProcessingInitializeOnLoad (42ms)
				ProcessInitializeOnLoadAttributes (163ms)
				ProcessInitializeOnLoadMethodAttributes (14ms)
				AfterProcessingInitializeOnLoad (5ms)
				EditorAssembliesLoaded (0ms)
			ExecutionOrderSort2 (0ms)
			AwakeInstancesAfterBackupRestoration (5ms)
Platform modules already initialized, skipping
Refreshing native plugins compatible for Editor in 1.03 ms, found 3 plugins.
Preloading 0 native plugins for Editor in 0.00 ms.
Unloading 3302 Unused Serialized files (Serialized files now loaded: 0)
Unloading 15 unused Assets / (71.8 KB). Loaded Objects now: 3811.
Memory consumption went from 122.0 MB to 121.9 MB.
Total: 2.072000 ms (FindLiveObjects: 0.169200 ms CreateObjectMapping: 0.079500 ms MarkObjects: 1.750500 ms  DeleteObjects: 0.071800 ms)

AssetImportParameters requested are different than current active one (requested -> active):
  custom:video-decoder-ogg-theora: a1e56fd34408186e4bbccfd4996cb3dc -> 
  custom:container-muxer-webm: aa71ff27fc2769a1b78a27578f13a17b -> 
  custom:container-demuxer-webm: 4f35f7cbe854078d1ac9338744f61a02 -> 
  custom:video-encoder-webm-vp8: eb34c28f22e8b96e1ab97ce403110664 -> 
  custom:audio-encoder-webm-vorbis: bf7c407c2cedff20999df2af8eb42d56 -> 
  custom:framework-win-MediaFoundation: 216162199b28c13a410421893ffa2e32 -> 
  custom:container-demuxer-ogg: 62fdf1f143b41e24485cea50d1cbac27 -> 
  custom:video-decoder-webm-vp8: 9c59270c3fd7afecdb556c50c9e8de78 -> 
  custom:audio-decoder-ogg-vorbis: bf7c407c2cedff20999df2af8eb42d56 -> 
========================================================================
Received Import Request.
  Time since last request: 4.310542 seconds.
  path: Assets/Scripts/CameraPositionScript.cs
  artifactKey: Guid(276fdde1a7ff3ca4796c16d351d20132) Importer(815301076,1909f56bfc062723c751e8b465ee728b)
Start importing Assets/Scripts/CameraPositionScript.cs using Guid(276fdde1a7ff3ca4796c16d351d20132) Importer(815301076,1909f56bfc062723c751e8b465ee728b)  -> (artifact id: '7416ddb6e85d851999cd780017157750') in 0.006259 seconds 
========================================================================
Received Import Request.
  Time since last request: 4.449033 seconds.
  path: Assets/Scripts/FollowPathScript.cs
  artifactKey: Guid(006d208ad57b4ae488c020421c3b8b4d) Importer(815301076,1909f56bfc062723c751e8b465ee728b)
Start importing Assets/Scripts/FollowPathScript.cs using Guid(006d208ad57b4ae488c020421c3b8b4d) Importer(815301076,1909f56bfc062723c751e8b465ee728b)  -> (artifact id: 'b5cd682ae570371907afa9f386937e51') in 0.002251 seconds 
========================================================================
Received Import Request.
  Time since last request: 9.800208 seconds.
  path: Assets/Scripts/ProjectileLauncherScript.cs
  artifactKey: Guid(09eaa9dfa8b0bc448b0dc00f32edba4e) Importer(815301076,1909f56bfc062723c751e8b465ee728b)
Start importing Assets/Scripts/ProjectileLauncherScript.cs using Guid(09eaa9dfa8b0bc448b0dc00f32edba4e) Importer(815301076,1909f56bfc062723c751e8b465ee728b)  -> (artifact id: '8c21ae0eecc22d8dad8e633acdfa0379') in 0.002679 seconds 
========================================================================
Received Import Request.
  Time since last request: 0.520690 seconds.
  path: Assets/Scripts/SpawnPrefabsScript.cs
  artifactKey: Guid(d7f9f6d6b78d486479315a44406062a6) Importer(815301076,1909f56bfc062723c751e8b465ee728b)
Start importing Assets/Scripts/SpawnPrefabsScript.cs using Guid(d7f9f6d6b78d486479315a44406062a6) Importer(815301076,1909f56bfc062723c751e8b465ee728b)  -> (artifact id: 'a6eaa2ec2e9ad4110d5d07130808862c') in 0.002578 seconds 
========================================================================
Received Prepare
Registering precompiled user dll's ...
Registered in 0.002256 seconds.
Begin MonoManager ReloadAssembly
Symbol file LoadedFromMemory doesn't match image C:\Users\aldis\Unity Projects\GMD_Project\CourseAssignment\Library\PackageCache\com.unity.visualscripting@1.8.0\Editor\VisualScripting.Core\Dependencies\YamlDotNet\Unity.VisualScripting.YamlDotNet.dll
Symbol file LoadedFromMemory doesn't match image C:\Users\aldis\Unity Projects\GMD_Project\CourseAssignment\Library\PackageCache\com.unity.visualscripting@1.8.0\Editor\VisualScripting.Core\Dependencies\DotNetZip\Unity.VisualScripting.IonicZip.dll
Native extension for WindowsStandalone target not found
Native extension for WebGL target not found
Refreshing native plugins compatible for Editor in 0.40 ms, found 3 plugins.
Preloading 0 native plugins for Editor in 0.00 ms.
Mono: successfully reloaded assembly
- Completed reload, in  0.691 seconds
Domain Reload Profiling:
	ReloadAssembly (691ms)
		BeginReloadAssembly (109ms)
			ExecutionOrderSort (0ms)
			DisableScriptedObjects (4ms)
			BackupInstance (0ms)
			ReleaseScriptingObjects (0ms)
			CreateAndSetChildDomain (24ms)
		EndReloadAssembly (515ms)
			LoadAssemblies (65ms)
			RebuildTransferFunctionScriptingTraits (0ms)
			SetupTypeCache (157ms)
			ReleaseScriptCaches (1ms)
			RebuildScriptCaches (36ms)
			SetupLoadedEditorAssemblies (229ms)
				LogAssemblyErrors (0ms)
				InitializePlatformSupportModulesInManaged (5ms)
				SetLoadedEditorAssemblies (0ms)
				RefreshPlugins (0ms)
				BeforeProcessingInitializeOnLoad (43ms)
				ProcessInitializeOnLoadAttributes (163ms)
				ProcessInitializeOnLoadMethodAttributes (14ms)
				AfterProcessingInitializeOnLoad (4ms)
				EditorAssembliesLoaded (0ms)
			ExecutionOrderSort2 (0ms)
			AwakeInstancesAfterBackupRestoration (4ms)
Platform modules already initialized, skipping
Refreshing native plugins compatible for Editor in 1.01 ms, found 3 plugins.
Preloading 0 native plugins for Editor in 0.00 ms.
Unloading 3302 Unused Serialized files (Serialized files now loaded: 0)
Unloading 15 unused Assets / (71.7 KB). Loaded Objects now: 3814.
Memory consumption went from 122.0 MB to 121.9 MB.
Total: 2.068400 ms (FindLiveObjects: 0.159700 ms CreateObjectMapping: 0.070200 ms MarkObjects: 1.768100 ms  DeleteObjects: 0.069700 ms)

AssetImportParameters requested are different than current active one (requested -> active):
  custom:video-decoder-ogg-theora: a1e56fd34408186e4bbccfd4996cb3dc -> 
  custom:container-muxer-webm: aa71ff27fc2769a1b78a27578f13a17b -> 
  custom:container-demuxer-webm: 4f35f7cbe854078d1ac9338744f61a02 -> 
  custom:video-encoder-webm-vp8: eb34c28f22e8b96e1ab97ce403110664 -> 
  custom:audio-encoder-webm-vorbis: bf7c407c2cedff20999df2af8eb42d56 -> 
  custom:framework-win-MediaFoundation: 216162199b28c13a410421893ffa2e32 -> 
  custom:container-demuxer-ogg: 62fdf1f143b41e24485cea50d1cbac27 -> 
  custom:video-decoder-webm-vp8: 9c59270c3fd7afecdb556c50c9e8de78 -> 
  custom:audio-decoder-ogg-vorbis: bf7c407c2cedff20999df2af8eb42d56 -> 
========================================================================
Received Import Request.
  Time since last request: 27.658178 seconds.
  path: Assets/Scripts/TargetingScript.cs
  artifactKey: Guid(04c877f5c4e505d4aa9fc4cbf41cf1e6) Importer(815301076,1909f56bfc062723c751e8b465ee728b)
Start importing Assets/Scripts/TargetingScript.cs using Guid(04c877f5c4e505d4aa9fc4cbf41cf1e6) Importer(815301076,1909f56bfc062723c751e8b465ee728b)  -> (artifact id: '9d54de1cb3a70f18448911a0de09b963') in 0.007095 seconds 
========================================================================
Received Prepare
Registering precompiled user dll's ...
Registered in 0.003389 seconds.
Begin MonoManager ReloadAssembly
Symbol file LoadedFromMemory doesn't match image C:\Users\aldis\Unity Projects\GMD_Project\CourseAssignment\Library\PackageCache\com.unity.visualscripting@1.8.0\Editor\VisualScripting.Core\Dependencies\YamlDotNet\Unity.VisualScripting.YamlDotNet.dll
Symbol file LoadedFromMemory doesn't match image C:\Users\aldis\Unity Projects\GMD_Project\CourseAssignment\Library\PackageCache\com.unity.visualscripting@1.8.0\Editor\VisualScripting.Core\Dependencies\DotNetZip\Unity.VisualScripting.IonicZip.dll
Native extension for WindowsStandalone target not found
Native extension for WebGL target not found
Refreshing native plugins compatible for Editor in 0.40 ms, found 3 plugins.
Preloading 0 native plugins for Editor in 0.00 ms.
Mono: successfully reloaded assembly
- Completed reload, in  0.660 seconds
Domain Reload Profiling:
	ReloadAssembly (660ms)
		BeginReloadAssembly (111ms)
			ExecutionOrderSort (0ms)
			DisableScriptedObjects (3ms)
			BackupInstance (0ms)
			ReleaseScriptingObjects (0ms)
			CreateAndSetChildDomain (24ms)
		EndReloadAssembly (481ms)
			LoadAssemblies (69ms)
			RebuildTransferFunctionScriptingTraits (0ms)
			SetupTypeCache (136ms)
			ReleaseScriptCaches (1ms)
			RebuildScriptCaches (32ms)
			SetupLoadedEditorAssemblies (229ms)
				LogAssemblyErrors (0ms)
				InitializePlatformSupportModulesInManaged (5ms)
				SetLoadedEditorAssemblies (0ms)
				RefreshPlugins (0ms)
				BeforeProcessingInitializeOnLoad (44ms)
				ProcessInitializeOnLoadAttributes (161ms)
				ProcessInitializeOnLoadMethodAttributes (13ms)
				AfterProcessingInitializeOnLoad (4ms)
				EditorAssembliesLoaded (0ms)
			ExecutionOrderSort2 (0ms)
			AwakeInstancesAfterBackupRestoration (5ms)
Platform modules already initialized, skipping
Refreshing native plugins compatible for Editor in 1.01 ms, found 3 plugins.
Preloading 0 native plugins for Editor in 0.00 ms.
Unloading 3302 Unused Serialized files (Serialized files now loaded: 0)
Unloading 15 unused Assets / (71.8 KB). Loaded Objects now: 3817.
Memory consumption went from 122.0 MB to 121.9 MB.
Total: 2.040600 ms (FindLiveObjects: 0.163200 ms CreateObjectMapping: 0.073300 ms MarkObjects: 1.731100 ms  DeleteObjects: 0.072100 ms)

AssetImportParameters requested are different than current active one (requested -> active):
  custom:video-decoder-ogg-theora: a1e56fd34408186e4bbccfd4996cb3dc -> 
  custom:container-muxer-webm: aa71ff27fc2769a1b78a27578f13a17b -> 
  custom:container-demuxer-webm: 4f35f7cbe854078d1ac9338744f61a02 -> 
  custom:video-encoder-webm-vp8: eb34c28f22e8b96e1ab97ce403110664 -> 
  custom:audio-encoder-webm-vorbis: bf7c407c2cedff20999df2af8eb42d56 -> 
  custom:framework-win-MediaFoundation: 216162199b28c13a410421893ffa2e32 -> 
  custom:container-demuxer-ogg: 62fdf1f143b41e24485cea50d1cbac27 -> 
  custom:video-decoder-webm-vp8: 9c59270c3fd7afecdb556c50c9e8de78 -> 
  custom:audio-decoder-ogg-vorbis: bf7c407c2cedff20999df2af8eb42d56 -> 
========================================================================
Received Import Request.
  Time since last request: 3.955823 seconds.
  path: Assets/Scripts/TargetingScript.cs
  artifactKey: Guid(04c877f5c4e505d4aa9fc4cbf41cf1e6) Importer(815301076,1909f56bfc062723c751e8b465ee728b)
Start importing Assets/Scripts/TargetingScript.cs using Guid(04c877f5c4e505d4aa9fc4cbf41cf1e6) Importer(815301076,1909f56bfc062723c751e8b465ee728b)  -> (artifact id: '384a3541260bd08c46d7a1bdd3f10c52') in 0.005802 seconds 
========================================================================
Received Import Request.
  Time since last request: 130.534785 seconds.
  path: ProjectSettings/TagManager.asset
  artifactKey: Guid(00000000000000003000000000000000) Importer(815301076,1909f56bfc062723c751e8b465ee728b)
Start importing ProjectSettings/TagManager.asset using Guid(00000000000000003000000000000000) Importer(815301076,1909f56bfc062723c751e8b465ee728b)  -> (artifact id: '5f74b9f0782f3ffe8a654b2b60a9f33c') in 0.010356 seconds 
========================================================================
Received Import Request.
  Time since last request: 189.842383 seconds.
  path: Assets/Prefabs/Projectile.prefab
  artifactKey: Guid(67c2b7e78eea8cc4bbd171478b67325f) Importer(815301076,1909f56bfc062723c751e8b465ee728b)
Start importing Assets/Prefabs/Projectile.prefab using Guid(67c2b7e78eea8cc4bbd171478b67325f) Importer(815301076,1909f56bfc062723c751e8b465ee728b)  -> (artifact id: '4c1f86aa92fcec3020e11643b26d8121') in 0.049699 seconds 
========================================================================
Received Import Request.
  Time since last request: 163.009582 seconds.
  path: Assets/Prefabs/Projectile.prefab
  artifactKey: Guid(67c2b7e78eea8cc4bbd171478b67325f) Importer(815301076,1909f56bfc062723c751e8b465ee728b)
Start importing Assets/Prefabs/Projectile.prefab using Guid(67c2b7e78eea8cc4bbd171478b67325f) Importer(815301076,1909f56bfc062723c751e8b465ee728b)  -> (artifact id: '2daa3bccb1bb5d7231eb74772f0a159f') in 0.008821 seconds 
========================================================================
Received Import Request.
  Time since last request: 38.072918 seconds.
  path: Assets/Materials/Dirt.mat
  artifactKey: Guid(28aac4ee55cefa040b4933030c99e75e) Importer(815301076,1909f56bfc062723c751e8b465ee728b)
Start importing Assets/Materials/Dirt.mat using Guid(28aac4ee55cefa040b4933030c99e75e) Importer(815301076,1909f56bfc062723c751e8b465ee728b)  -> (artifact id: 'c77cec3d92a3ada0d292af405c7b558c') in 0.071378 seconds 
========================================================================
Received Import Request.
  Time since last request: 0.000016 seconds.
  path: Assets/Materials/Stone.mat
  artifactKey: Guid(5229b68b71b19504092bf8c19ca6f1b5) Importer(815301076,1909f56bfc062723c751e8b465ee728b)
Start importing Assets/Materials/Stone.mat using Guid(5229b68b71b19504092bf8c19ca6f1b5) Importer(815301076,1909f56bfc062723c751e8b465ee728b)  -> (artifact id: 'bb0947dc4c5e3a16a32fe2231a3f7521') in 0.037917 seconds 
========================================================================
Received Import Request.
  Time since last request: 0.000018 seconds.
  path: Assets/Materials/Tree.mat
  artifactKey: Guid(1267e834390d607439c668a5c7c79278) Importer(815301076,1909f56bfc062723c751e8b465ee728b)
Start importing Assets/Materials/Tree.mat using Guid(1267e834390d607439c668a5c7c79278) Importer(815301076,1909f56bfc062723c751e8b465ee728b)  -> (artifact id: 'fda671d0c08ff5beb57b9030bf7ee545') in 0.031839 seconds 
========================================================================
Received Import Request.
  Time since last request: 2.970929 seconds.
  path: Assets/Materials
  artifactKey: Guid(14ce50c55cd39f54ca51adba0313e7ef) Importer(815301076,1909f56bfc062723c751e8b465ee728b)
Start importing Assets/Materials using Guid(14ce50c55cd39f54ca51adba0313e7ef) Importer(815301076,1909f56bfc062723c751e8b465ee728b)  -> (artifact id: '0cc13a17025df0a5e4498462cda18769') in 0.002600 seconds 
========================================================================
Received Import Request.
  Time since last request: 16.389985 seconds.
  path: Assets/Materials/WaffleCone.mat
  artifactKey: Guid(01ac275578205e442bd95de6b6d2193d) Importer(815301076,1909f56bfc062723c751e8b465ee728b)
Start importing Assets/Materials/WaffleCone.mat using Guid(01ac275578205e442bd95de6b6d2193d) Importer(815301076,1909f56bfc062723c751e8b465ee728b)  -> (artifact id: 'd5d3d134151ef5f040e85b32ad2281f7') in 0.008553 seconds 
========================================================================
Received Import Request.
  Time since last request: 47.231279 seconds.
  path: Assets/Materials/IceCreamProjectile.mat
  artifactKey: Guid(19aa20e23ff1ee94fb4ca7d7990a71b3) Importer(815301076,1909f56bfc062723c751e8b465ee728b)
Start importing Assets/Materials/IceCreamProjectile.mat using Guid(19aa20e23ff1ee94fb4ca7d7990a71b3) Importer(815301076,1909f56bfc062723c751e8b465ee728b)  -> (artifact id: 'e308e4b6bd1598e9005426f00a5b27fc') in 0.029085 seconds 
========================================================================
Received Import Request.
  Time since last request: 68.870665 seconds.
  path: Assets/Materials/PinkIceCream.mat
  artifactKey: Guid(19aa20e23ff1ee94fb4ca7d7990a71b3) Importer(815301076,1909f56bfc062723c751e8b465ee728b)
Start importing Assets/Materials/PinkIceCream.mat using Guid(19aa20e23ff1ee94fb4ca7d7990a71b3) Importer(815301076,1909f56bfc062723c751e8b465ee728b)  -> (artifact id: '6e5ccbb5c6a8d8c36e5dbd7ecce93dbc') in 0.017546 seconds 
========================================================================
Received Import Request.
  Time since last request: 25.388125 seconds.
  path: Assets/Prefabs/Projectile.prefab
  artifactKey: Guid(67c2b7e78eea8cc4bbd171478b67325f) Importer(815301076,1909f56bfc062723c751e8b465ee728b)
Start importing Assets/Prefabs/Projectile.prefab using Guid(67c2b7e78eea8cc4bbd171478b67325f) Importer(815301076,1909f56bfc062723c751e8b465ee728b)  -> (artifact id: '197aa9fbd0f0b5450d930c2743066d21') in 0.009757 seconds 
========================================================================
Received Import Request.
  Time since last request: 140.909488 seconds.
  path: Assets/TutorialInfo/Scripts
  artifactKey: Guid(b13d553c1075f0b43a89b9f5698dbb94) Importer(815301076,1909f56bfc062723c751e8b465ee728b)
Start importing Assets/TutorialInfo/Scripts using Guid(b13d553c1075f0b43a89b9f5698dbb94) Importer(815301076,1909f56bfc062723c751e8b465ee728b)  -> (artifact id: '203816e1de37099e4b9ba15abea13d24') in 0.002510 seconds 
========================================================================
Received Import Request.
  Time since last request: 1.044134 seconds.
  path: Assets/TutorialInfo/Scripts/Editor
  artifactKey: Guid(e7b7481fd6739914a8cc1d221a0afab5) Importer(815301076,1909f56bfc062723c751e8b465ee728b)
Start importing Assets/TutorialInfo/Scripts/Editor using Guid(e7b7481fd6739914a8cc1d221a0afab5) Importer(815301076,1909f56bfc062723c751e8b465ee728b)  -> (artifact id: '2f527b3cc84b3f4a3a2184e1f2ac78db') in 0.002455 seconds 
========================================================================
Received Import Request.
  Time since last request: 47.378427 seconds.
  path: Assets/Fixed/ProjectileLauncher.cs
  artifactKey: Guid(6df7e4e107b65c24eab1b6d9ca834070) Importer(815301076,1909f56bfc062723c751e8b465ee728b)
Start importing Assets/Fixed/ProjectileLauncher.cs using Guid(6df7e4e107b65c24eab1b6d9ca834070) Importer(815301076,1909f56bfc062723c751e8b465ee728b)  -> (artifact id: '58ca69e32765f0367c14561d0d91d489') in 0.002421 seconds 
========================================================================
Received Import Request.
  Time since last request: 22.559334 seconds.
  path: Assets/Prefabs/Projectile.prefab
  artifactKey: Guid(67c2b7e78eea8cc4bbd171478b67325f) Importer(815301076,1909f56bfc062723c751e8b465ee728b)
Start importing Assets/Prefabs/Projectile.prefab using Guid(67c2b7e78eea8cc4bbd171478b67325f) Importer(815301076,1909f56bfc062723c751e8b465ee728b)  -> (artifact id: 'c6ecdbbac8d11b881ea187a52b9bb11b') in 0.010979 seconds 
========================================================================
Received Import Request.
  Time since last request: 19.231088 seconds.
  path: Assets/Prefabs/Projectile.prefab
  artifactKey: Guid(67c2b7e78eea8cc4bbd171478b67325f) Importer(815301076,1909f56bfc062723c751e8b465ee728b)
Start importing Assets/Prefabs/Projectile.prefab using Guid(67c2b7e78eea8cc4bbd171478b67325f) Importer(815301076,1909f56bfc062723c751e8b465ee728b)  -> (artifact id: '57b11e39e16fb4e3b3f5bef8083d2ad9') in 0.010497 seconds 
========================================================================
Received Import Request.
  Time since last request: 17.875756 seconds.
  path: Assets/Prefabs/Projectile.prefab
  artifactKey: Guid(67c2b7e78eea8cc4bbd171478b67325f) Importer(815301076,1909f56bfc062723c751e8b465ee728b)
Start importing Assets/Prefabs/Projectile.prefab using Guid(67c2b7e78eea8cc4bbd171478b67325f) Importer(815301076,1909f56bfc062723c751e8b465ee728b)  -> (artifact id: '1b491d7be76a76815e76331368e5bee9') in 0.009301 seconds 
========================================================================
Received Import Request.
  Time since last request: 18.106009 seconds.
  path: Assets/Prefabs/Projectile.prefab
  artifactKey: Guid(67c2b7e78eea8cc4bbd171478b67325f) Importer(815301076,1909f56bfc062723c751e8b465ee728b)
Start importing Assets/Prefabs/Projectile.prefab using Guid(67c2b7e78eea8cc4bbd171478b67325f) Importer(815301076,1909f56bfc062723c751e8b465ee728b)  -> (artifact id: '8b2179b4fc99675cce280127f26be885') in 0.039573 seconds 
========================================================================
Received Import Request.
  Time since last request: 333.113034 seconds.
  path: Assets/Fixed/Fixed.unity
  artifactKey: Guid(e914d04de4ab7ca40ae1178ace179b93) Importer(815301076,1909f56bfc062723c751e8b465ee728b)
Start importing Assets/Fixed/Fixed.unity using Guid(e914d04de4ab7ca40ae1178ace179b93) Importer(815301076,1909f56bfc062723c751e8b465ee728b)  -> (artifact id: '8a40a015672e12464d40b42799195463') in 0.002865 seconds 
========================================================================
Received Import Request.
  Time since last request: 47.579604 seconds.
  path: Assets/Scenes/Level1.unity
  artifactKey: Guid(e326d28f02f51ef40bf82b8054da48d2) Importer(815301076,1909f56bfc062723c751e8b465ee728b)
Start importing Assets/Scenes/Level1.unity using Guid(e326d28f02f51ef40bf82b8054da48d2) Importer(815301076,1909f56bfc062723c751e8b465ee728b)  -> (artifact id: '962a5067bd7f61e8c9b018403276369f') in 0.002927 seconds 
========================================================================
Received Import Request.
  Time since last request: 468.563893 seconds.
  path: Assets/Fixed/ShipInput.cs
  artifactKey: Guid(836bdfe38cf04b044bdea3b685bd7357) Importer(815301076,1909f56bfc062723c751e8b465ee728b)
Start importing Assets/Fixed/ShipInput.cs using Guid(836bdfe38cf04b044bdea3b685bd7357) Importer(815301076,1909f56bfc062723c751e8b465ee728b)  -> (artifact id: 'e6b0ae1031e6ab60da34c299fb4c0e79') in 0.002793 seconds 
========================================================================
Received Import Request.
  Time since last request: 168.131121 seconds.
  path: Assets/Fixed/AutoFire.cs
  artifactKey: Guid(bd3a756d99fb82b4fb55cdb3966ff40f) Importer(815301076,1909f56bfc062723c751e8b465ee728b)
Start importing Assets/Fixed/AutoFire.cs using Guid(bd3a756d99fb82b4fb55cdb3966ff40f) Importer(815301076,1909f56bfc062723c751e8b465ee728b)  -> (artifact id: 'c0e4cd9dea3da2f05f91d539847f6ecb') in 0.003671 seconds 
========================================================================
Received Import Request.
  Time since last request: 41.035692 seconds.
  path: Assets/Scripts/AutoFiringScript.cs
  artifactKey: Guid(7a1dd34c969a3e846b7378a93df44bdb) Importer(815301076,1909f56bfc062723c751e8b465ee728b)
Start importing Assets/Scripts/AutoFiringScript.cs using Guid(7a1dd34c969a3e846b7378a93df44bdb) Importer(815301076,1909f56bfc062723c751e8b465ee728b)  -> (artifact id: 'dc9d0945e5281a8c378f2c5439301245') in 0.002728 seconds 
========================================================================
Received Import Request.
  Time since last request: 1978.024802 seconds.
  path: Assets/Scripts/AutoFiringScript.cs
  artifactKey: Guid(7a1dd34c969a3e846b7378a93df44bdb) Importer(815301076,1909f56bfc062723c751e8b465ee728b)
Start importing Assets/Scripts/AutoFiringScript.cs using Guid(7a1dd34c969a3e846b7378a93df44bdb) Importer(815301076,1909f56bfc062723c751e8b465ee728b)  -> (artifact id: 'd97b0b1943188dc97e4b136d8e22440f') in 0.002491 seconds 
========================================================================
Received Import Request.
  Time since last request: 74.994792 seconds.
  path: Assets/Scripts/IDestruct.cs
  artifactKey: Guid(8970b1a5dfa3d0e498951820d298ea22) Importer(815301076,1909f56bfc062723c751e8b465ee728b)
Start importing Assets/Scripts/IDestruct.cs using Guid(8970b1a5dfa3d0e498951820d298ea22) Importer(815301076,1909f56bfc062723c751e8b465ee728b)  -> (artifact id: 'cd858f95be4e166495a804c4c123bbdf') in 0.002605 seconds 
========================================================================
Received Import Request.
  Time since last request: 15.475722 seconds.
  path: Assets/Scripts/IDestruct.cs
  artifactKey: Guid(8970b1a5dfa3d0e498951820d298ea22) Importer(815301076,1909f56bfc062723c751e8b465ee728b)
Start importing Assets/Scripts/IDestruct.cs using Guid(8970b1a5dfa3d0e498951820d298ea22) Importer(815301076,1909f56bfc062723c751e8b465ee728b)  -> (artifact id: '094aa89790f08f6046311c2d5ee1dfd3') in 0.002365 seconds 
========================================================================
Received Import Request.
  Time since last request: 375.055425 seconds.
  path: Assets/Scripts/IDestruct.cs
  artifactKey: Guid(8970b1a5dfa3d0e498951820d298ea22) Importer(815301076,1909f56bfc062723c751e8b465ee728b)
Start importing Assets/Scripts/IDestruct.cs using Guid(8970b1a5dfa3d0e498951820d298ea22) Importer(815301076,1909f56bfc062723c751e8b465ee728b)  -> (artifact id: '5658ac88c4d698e0f27d38e5cffb1421') in 0.002564 seconds 
========================================================================
Received Import Request.
  Time since last request: 126.167667 seconds.
  path: Assets/Scripts/TargetingScript.cs
  artifactKey: Guid(04c877f5c4e505d4aa9fc4cbf41cf1e6) Importer(815301076,1909f56bfc062723c751e8b465ee728b)
Start importing Assets/Scripts/TargetingScript.cs using Guid(04c877f5c4e505d4aa9fc4cbf41cf1e6) Importer(815301076,1909f56bfc062723c751e8b465ee728b)  -> (artifact id: 'ea9646abd837bcabf4986138b36989ba') in 0.002599 seconds 
========================================================================
Received Import Request.
  Time since last request: 8.738047 seconds.
  path: Assets/Scripts/ProjectileLauncherScript.cs
  artifactKey: Guid(09eaa9dfa8b0bc448b0dc00f32edba4e) Importer(815301076,1909f56bfc062723c751e8b465ee728b)
Start importing Assets/Scripts/ProjectileLauncherScript.cs using Guid(09eaa9dfa8b0bc448b0dc00f32edba4e) Importer(815301076,1909f56bfc062723c751e8b465ee728b)  -> (artifact id: '76a87b9d04c820198e2d323c3a4fa49d') in 0.002316 seconds 
========================================================================
Received Import Request.
  Time since last request: 260.777065 seconds.
  path: Assets/Scripts/AutoFiringScript.cs
  artifactKey: Guid(7a1dd34c969a3e846b7378a93df44bdb) Importer(815301076,1909f56bfc062723c751e8b465ee728b)
Start importing Assets/Scripts/AutoFiringScript.cs using Guid(7a1dd34c969a3e846b7378a93df44bdb) Importer(815301076,1909f56bfc062723c751e8b465ee728b)  -> (artifact id: 'dc6aa4a772d5bb79a1cc72f66b827f11') in 0.002552 seconds 
========================================================================
Received Import Request.
  Time since last request: 69.668839 seconds.
  path: Assets/DeathParticleSystem.prefab
  artifactKey: Guid(dde7a5f506eee294f9bee0907c027060) Importer(815301076,1909f56bfc062723c751e8b465ee728b)
Start importing Assets/DeathParticleSystem.prefab using Guid(dde7a5f506eee294f9bee0907c027060) Importer(815301076,1909f56bfc062723c751e8b465ee728b)  -> (artifact id: '50e930b247914165b02b5a217cf365a7') in 0.026935 seconds 
========================================================================
Received Import Request.
  Time since last request: 0.000018 seconds.
  path: Assets/Thruster.prefab
  artifactKey: Guid(775a2108c6fe35b4f8e421ec65229420) Importer(815301076,1909f56bfc062723c751e8b465ee728b)
Start importing Assets/Thruster.prefab using Guid(775a2108c6fe35b4f8e421ec65229420) Importer(815301076,1909f56bfc062723c751e8b465ee728b)  -> (artifact id: '52c17c568e2e16acca988b5c485054cc') in 0.008270 seconds 
